2020-12-09T09:14:11+00:00 CRITICAL Uncaught Error: Call to a member function get_tax_class() on null in /var/www/vhosts/myshibuya.it/ordina.myshibuya.it/wp-content/plugins/woocommerce/includes/class-wc-cart-totals.php:225
Stack trace:
#0 /var/www/vhosts/myshibuya.it/ordina.myshibuya.it/wp-content/plugins/woocommerce/includes/class-wc-cart-totals.php(651): WC_Cart_Totals->get_items_from_cart()
#1 /var/www/vhosts/myshibuya.it/ordina.myshibuya.it/wp-content/plugins/woocommerce/includes/class-wc-cart-totals.php(143): WC_Cart_Totals->calculate_item_totals()
#2 /var/www/vhosts/myshibuya.it/ordina.myshibuya.it/wp-content/plugins/woocommerce/includes/class-wc-cart-totals.php(134): WC_Cart_Totals->calculate()
#3 /var/www/vhosts/myshibuya.it/ordina.myshibuya.it/wp-content/plugins/woocommerce/includes/class-wc-cart.php(1369): WC_Cart_Totals->__construct(Object(WC_Cart))
#4 /var/www/vhosts/myshibuya.it/ordina.myshibuya.it/wp-content/plugins/woocommerce/includes/class-wc-cart.php(1328): WC_Cart->calculate_totals()
#5 /var/www/vhosts/myshibuya.it/ordina.mys in /var/www/vhosts/myshibuya.it/ordina.myshibuya.it/wp-content/plugins/woocommerce/includes/class-wc-cart-totals.php alla riga 225

2020-12-09T10:43:45+00:00 CRITICAL Uncaught Twilio\Exceptions\RestException: [HTTP 400] Unable to create record: The number  is unverified. Trial accounts cannot send messages to unverified numbers; verify  at twilio.com/user/account/phone-numbers/verified, or purchase a Twilio number to send messages to unverified numbers. in /var/www/vhosts/myshibuya.it/ordina.myshibuya.it/wp-content/themes/shibuya/twilio-php-main/src/Twilio/Version.php:88
Stack trace:
#0 /var/www/vhosts/myshibuya.it/ordina.myshibuya.it/wp-content/themes/shibuya/twilio-php-main/src/Twilio/Version.php(223): Twilio\Version->exception(Object(Twilio\Http\Response), 'Unable to creat...')
#1 /var/www/vhosts/myshibuya.it/ordina.myshibuya.it/wp-content/themes/shibuya/twilio-php-main/src/Twilio/Rest/Api/V2010/Account/MessageList.php(66): Twilio\Version->create('POST', '/Accounts/ACd4b...', Array, Array)
#2 /var/www/vhosts/myshibuya.it/ordina.myshibuya.it/wp-content/themes/shibuya/functions.php(435): Twilio\Rest\Api\V2010\Account\MessageList->create('+919727950363', Object(Twilio\Valu in /var/www/vhosts/myshibuya.it/ordina.myshibuya.it/wp-content/themes/shibuya/twilio-php-main/src/Twilio/Version.php alla riga 88

2020-12-09T10:43:51+00:00 CRITICAL Uncaught Twilio\Exceptions\RestException: [HTTP 400] Unable to create record: The number  is unverified. Trial accounts cannot send messages to unverified numbers; verify  at twilio.com/user/account/phone-numbers/verified, or purchase a Twilio number to send messages to unverified numbers. in /var/www/vhosts/myshibuya.it/ordina.myshibuya.it/wp-content/themes/shibuya/twilio-php-main/src/Twilio/Version.php:88
Stack trace:
#0 /var/www/vhosts/myshibuya.it/ordina.myshibuya.it/wp-content/themes/shibuya/twilio-php-main/src/Twilio/Version.php(223): Twilio\Version->exception(Object(Twilio\Http\Response), 'Unable to creat...')
#1 /var/www/vhosts/myshibuya.it/ordina.myshibuya.it/wp-content/themes/shibuya/twilio-php-main/src/Twilio/Rest/Api/V2010/Account/MessageList.php(66): Twilio\Version->create('POST', '/Accounts/ACd4b...', Array, Array)
#2 /var/www/vhosts/myshibuya.it/ordina.myshibuya.it/wp-content/themes/shibuya/functions.php(435): Twilio\Rest\Api\V2010\Account\MessageList->create('+919727950363', Object(Twilio\Valu in /var/www/vhosts/myshibuya.it/ordina.myshibuya.it/wp-content/themes/shibuya/twilio-php-main/src/Twilio/Version.php alla riga 88

2020-12-09T13:50:02+00:00 CRITICAL Uncaught Twilio\Exceptions\RestException: [HTTP 400] Unable to create record: The number  is unverified. Trial accounts cannot send messages to unverified numbers; verify  at twilio.com/user/account/phone-numbers/verified, or purchase a Twilio number to send messages to unverified numbers. in /var/www/vhosts/myshibuya.it/ordina.myshibuya.it/wp-content/themes/shibuya/twilio-php-main/src/Twilio/Version.php:88
Stack trace:
#0 /var/www/vhosts/myshibuya.it/ordina.myshibuya.it/wp-content/themes/shibuya/twilio-php-main/src/Twilio/Version.php(223): Twilio\Version->exception(Object(Twilio\Http\Response), 'Unable to creat...')
#1 /var/www/vhosts/myshibuya.it/ordina.myshibuya.it/wp-content/themes/shibuya/twilio-php-main/src/Twilio/Rest/Api/V2010/Account/MessageList.php(66): Twilio\Version->create('POST', '/Accounts/ACd4b...', Array, Array)
#2 /var/www/vhosts/myshibuya.it/ordina.myshibuya.it/wp-content/themes/shibuya/functions.php(435): Twilio\Rest\Api\V2010\Account\MessageList->create('9016512020', Object(Twilio\Values) in /var/www/vhosts/myshibuya.it/ordina.myshibuya.it/wp-content/themes/shibuya/twilio-php-main/src/Twilio/Version.php alla riga 88

2020-12-09T15:11:11+00:00 CRITICAL Uncaught Twilio\Exceptions\RestException: [HTTP 400] Unable to create record: The 'To' number 3926653576 is not a valid phone number. in /var/www/vhosts/myshibuya.it/ordina.myshibuya.it/wp-content/themes/shibuya/twilio-php-main/src/Twilio/Version.php:88
Stack trace:
#0 /var/www/vhosts/myshibuya.it/ordina.myshibuya.it/wp-content/themes/shibuya/twilio-php-main/src/Twilio/Version.php(223): Twilio\Version->exception(Object(Twilio\Http\Response), 'Unable to creat...')
#1 /var/www/vhosts/myshibuya.it/ordina.myshibuya.it/wp-content/themes/shibuya/twilio-php-main/src/Twilio/Rest/Api/V2010/Account/MessageList.php(66): Twilio\Version->create('POST', '/Accounts/ACd4b...', Array, Array)
#2 /var/www/vhosts/myshibuya.it/ordina.myshibuya.it/wp-content/themes/shibuya/functions.php(435): Twilio\Rest\Api\V2010\Account\MessageList->create('3926653576', Object(Twilio\Values))
#3 /var/www/vhosts/myshibuya.it/ordina.myshibuya.it/wp-includes/class-wp-hook.php(287): send_otp('')
#4 /var/www/vhosts/myshibuya.it/ordina.myshibuya.it/wp in /var/www/vhosts/myshibuya.it/ordina.myshibuya.it/wp-content/themes/shibuya/twilio-php-main/src/Twilio/Version.php alla riga 88

2020-12-09T15:11:18+00:00 CRITICAL Uncaught Twilio\Exceptions\RestException: [HTTP 400] Unable to create record: Permission to send an SMS has not been enabled for the region indicated by the 'To' number: +393926653576. in /var/www/vhosts/myshibuya.it/ordina.myshibuya.it/wp-content/themes/shibuya/twilio-php-main/src/Twilio/Version.php:88
Stack trace:
#0 /var/www/vhosts/myshibuya.it/ordina.myshibuya.it/wp-content/themes/shibuya/twilio-php-main/src/Twilio/Version.php(223): Twilio\Version->exception(Object(Twilio\Http\Response), 'Unable to creat...')
#1 /var/www/vhosts/myshibuya.it/ordina.myshibuya.it/wp-content/themes/shibuya/twilio-php-main/src/Twilio/Rest/Api/V2010/Account/MessageList.php(66): Twilio\Version->create('POST', '/Accounts/ACd4b...', Array, Array)
#2 /var/www/vhosts/myshibuya.it/ordina.myshibuya.it/wp-content/themes/shibuya/functions.php(435): Twilio\Rest\Api\V2010\Account\MessageList->create('+393926653576', Object(Twilio\Values))
#3 /var/www/vhosts/myshibuya.it/ordina.myshibuya.it/wp-includes/class-wp-hook.php(287): send_otp('')
 in /var/www/vhosts/myshibuya.it/ordina.myshibuya.it/wp-content/themes/shibuya/twilio-php-main/src/Twilio/Version.php alla riga 88

2020-12-09T15:11:31+00:00 CRITICAL Uncaught Twilio\Exceptions\RestException: [HTTP 400] Unable to create record: Permission to send an SMS has not been enabled for the region indicated by the 'To' number: +393926653576. in /var/www/vhosts/myshibuya.it/ordina.myshibuya.it/wp-content/themes/shibuya/twilio-php-main/src/Twilio/Version.php:88
Stack trace:
#0 /var/www/vhosts/myshibuya.it/ordina.myshibuya.it/wp-content/themes/shibuya/twilio-php-main/src/Twilio/Version.php(223): Twilio\Version->exception(Object(Twilio\Http\Response), 'Unable to creat...')
#1 /var/www/vhosts/myshibuya.it/ordina.myshibuya.it/wp-content/themes/shibuya/twilio-php-main/src/Twilio/Rest/Api/V2010/Account/MessageList.php(66): Twilio\Version->create('POST', '/Accounts/ACd4b...', Array, Array)
#2 /var/www/vhosts/myshibuya.it/ordina.myshibuya.it/wp-content/themes/shibuya/functions.php(435): Twilio\Rest\Api\V2010\Account\MessageList->create('+39 3926653576', Object(Twilio\Values))
#3 /var/www/vhosts/myshibuya.it/ordina.myshibuya.it/wp-includes/class-wp-hook.php(287): send_otp('') in /var/www/vhosts/myshibuya.it/ordina.myshibuya.it/wp-content/themes/shibuya/twilio-php-main/src/Twilio/Version.php alla riga 88

2020-12-09T15:12:44+00:00 CRITICAL Uncaught Twilio\Exceptions\RestException: [HTTP 400] Unable to create record: Permission to send an SMS has not been enabled for the region indicated by the 'To' number: +393926653576. in /var/www/vhosts/myshibuya.it/ordina.myshibuya.it/wp-content/themes/shibuya/twilio-php-main/src/Twilio/Version.php:88
Stack trace:
#0 /var/www/vhosts/myshibuya.it/ordina.myshibuya.it/wp-content/themes/shibuya/twilio-php-main/src/Twilio/Version.php(223): Twilio\Version->exception(Object(Twilio\Http\Response), 'Unable to creat...')
#1 /var/www/vhosts/myshibuya.it/ordina.myshibuya.it/wp-content/themes/shibuya/twilio-php-main/src/Twilio/Rest/Api/V2010/Account/MessageList.php(66): Twilio\Version->create('POST', '/Accounts/ACd4b...', Array, Array)
#2 /var/www/vhosts/myshibuya.it/ordina.myshibuya.it/wp-content/themes/shibuya/functions.php(435): Twilio\Rest\Api\V2010\Account\MessageList->create('+39 392 66 53 5...', Object(Twilio\Values))
#3 /var/www/vhosts/myshibuya.it/ordina.myshibuya.it/wp-includes/class-wp-hook.php(287): send_otp in /var/www/vhosts/myshibuya.it/ordina.myshibuya.it/wp-content/themes/shibuya/twilio-php-main/src/Twilio/Version.php alla riga 88

2020-12-09T15:16:27+00:00 CRITICAL Uncaught Error: Call to a member function get_tax_class() on null in /var/www/vhosts/myshibuya.it/ordina.myshibuya.it/wp-content/plugins/woocommerce/includes/class-wc-cart-totals.php:225
Stack trace:
#0 /var/www/vhosts/myshibuya.it/ordina.myshibuya.it/wp-content/plugins/woocommerce/includes/class-wc-cart-totals.php(651): WC_Cart_Totals->get_items_from_cart()
#1 /var/www/vhosts/myshibuya.it/ordina.myshibuya.it/wp-content/plugins/woocommerce/includes/class-wc-cart-totals.php(143): WC_Cart_Totals->calculate_item_totals()
#2 /var/www/vhosts/myshibuya.it/ordina.myshibuya.it/wp-content/plugins/woocommerce/includes/class-wc-cart-totals.php(134): WC_Cart_Totals->calculate()
#3 /var/www/vhosts/myshibuya.it/ordina.myshibuya.it/wp-content/plugins/woocommerce/includes/class-wc-cart.php(1369): WC_Cart_Totals->__construct(Object(WC_Cart))
#4 /var/www/vhosts/myshibuya.it/ordina.myshibuya.it/wp-content/plugins/woocommerce/includes/class-wc-cart.php(1328): WC_Cart->calculate_totals()
#5 /var/www/vhosts/myshibuya.it/ordina.mys in /var/www/vhosts/myshibuya.it/ordina.myshibuya.it/wp-content/plugins/woocommerce/includes/class-wc-cart-totals.php alla riga 225

2020-12-09T15:36:28+00:00 CRITICAL Uncaught Twilio\Exceptions\RestException: [HTTP 400] Unable to create record: The 'To' number +393926653576 is not a valid phone number. in /var/www/vhosts/myshibuya.it/ordina.myshibuya.it/wp-content/themes/shibuya/twilio-php-main/src/Twilio/Version.php:88
Stack trace:
#0 /var/www/vhosts/myshibuya.it/ordina.myshibuya.it/wp-content/themes/shibuya/twilio-php-main/src/Twilio/Version.php(223): Twilio\Version->exception(Object(Twilio\Http\Response), 'Unable to creat...')
#1 /var/www/vhosts/myshibuya.it/ordina.myshibuya.it/wp-content/themes/shibuya/twilio-php-main/src/Twilio/Rest/Api/V2010/Account/MessageList.php(66): Twilio\Version->create('POST', '/Accounts/AC1ed...', Array, Array)
#2 /var/www/vhosts/myshibuya.it/ordina.myshibuya.it/wp-content/themes/shibuya/functions.php(435): Twilio\Rest\Api\V2010\Account\MessageList->create('+39 3926653576', Object(Twilio\Values))
#3 /var/www/vhosts/myshibuya.it/ordina.myshibuya.it/wp-includes/class-wp-hook.php(287): send_otp('')
#4 /var/www/vhosts/myshibuya.it/ordina.myshibuy in /var/www/vhosts/myshibuya.it/ordina.myshibuya.it/wp-content/themes/shibuya/twilio-php-main/src/Twilio/Version.php alla riga 88

2020-12-09T15:36:46+00:00 CRITICAL Uncaught Twilio\Exceptions\RestException: [HTTP 400] Unable to create record: The 'To' number +393926653576 is not a valid phone number. in /var/www/vhosts/myshibuya.it/ordina.myshibuya.it/wp-content/themes/shibuya/twilio-php-main/src/Twilio/Version.php:88
Stack trace:
#0 /var/www/vhosts/myshibuya.it/ordina.myshibuya.it/wp-content/themes/shibuya/twilio-php-main/src/Twilio/Version.php(223): Twilio\Version->exception(Object(Twilio\Http\Response), 'Unable to creat...')
#1 /var/www/vhosts/myshibuya.it/ordina.myshibuya.it/wp-content/themes/shibuya/twilio-php-main/src/Twilio/Rest/Api/V2010/Account/MessageList.php(66): Twilio\Version->create('POST', '/Accounts/AC1ed...', Array, Array)
#2 /var/www/vhosts/myshibuya.it/ordina.myshibuya.it/wp-content/themes/shibuya/functions.php(435): Twilio\Rest\Api\V2010\Account\MessageList->create('+393926653576', Object(Twilio\Values))
#3 /var/www/vhosts/myshibuya.it/ordina.myshibuya.it/wp-includes/class-wp-hook.php(287): send_otp('')
#4 /var/www/vhosts/myshibuya.it/ordina.myshibuya in /var/www/vhosts/myshibuya.it/ordina.myshibuya.it/wp-content/themes/shibuya/twilio-php-main/src/Twilio/Version.php alla riga 88

2020-12-09T15:36:50+00:00 CRITICAL Uncaught Twilio\Exceptions\RestException: [HTTP 400] Unable to create record: The 'To' number +393926653576 is not a valid phone number. in /var/www/vhosts/myshibuya.it/ordina.myshibuya.it/wp-content/themes/shibuya/twilio-php-main/src/Twilio/Version.php:88
Stack trace:
#0 /var/www/vhosts/myshibuya.it/ordina.myshibuya.it/wp-content/themes/shibuya/twilio-php-main/src/Twilio/Version.php(223): Twilio\Version->exception(Object(Twilio\Http\Response), 'Unable to creat...')
#1 /var/www/vhosts/myshibuya.it/ordina.myshibuya.it/wp-content/themes/shibuya/twilio-php-main/src/Twilio/Rest/Api/V2010/Account/MessageList.php(66): Twilio\Version->create('POST', '/Accounts/AC1ed...', Array, Array)
#2 /var/www/vhosts/myshibuya.it/ordina.myshibuya.it/wp-content/themes/shibuya/functions.php(435): Twilio\Rest\Api\V2010\Account\MessageList->create('+39 3926653576', Object(Twilio\Values))
#3 /var/www/vhosts/myshibuya.it/ordina.myshibuya.it/wp-includes/class-wp-hook.php(287): send_otp('')
#4 /var/www/vhosts/myshibuya.it/ordina.myshibuy in /var/www/vhosts/myshibuya.it/ordina.myshibuya.it/wp-content/themes/shibuya/twilio-php-main/src/Twilio/Version.php alla riga 88

2020-12-09T16:57:44+00:00 CRITICAL Uncaught Twilio\Exceptions\RestException: [HTTP 400] Unable to create record: The 'To' number +393926653576 is not a valid phone number. in /var/www/vhosts/myshibuya.it/ordina.myshibuya.it/wp-content/themes/shibuya/twilio-php-main/src/Twilio/Version.php:88
Stack trace:
#0 /var/www/vhosts/myshibuya.it/ordina.myshibuya.it/wp-content/themes/shibuya/twilio-php-main/src/Twilio/Version.php(223): Twilio\Version->exception(Object(Twilio\Http\Response), 'Unable to creat...')
#1 /var/www/vhosts/myshibuya.it/ordina.myshibuya.it/wp-content/themes/shibuya/twilio-php-main/src/Twilio/Rest/Api/V2010/Account/MessageList.php(66): Twilio\Version->create('POST', '/Accounts/AC1ed...', Array, Array)
#2 /var/www/vhosts/myshibuya.it/ordina.myshibuya.it/wp-content/themes/shibuya/functions.php(435): Twilio\Rest\Api\V2010\Account\MessageList->create('+39 3926653576', Object(Twilio\Values))
#3 /var/www/vhosts/myshibuya.it/ordina.myshibuya.it/wp-includes/class-wp-hook.php(287): send_otp('')
#4 /var/www/vhosts/myshibuya.it/ordina.myshibuy in /var/www/vhosts/myshibuya.it/ordina.myshibuya.it/wp-content/themes/shibuya/twilio-php-main/src/Twilio/Version.php alla riga 88

2020-12-09T17:05:18+00:00 CRITICAL Uncaught Error: Call to a member function get_tax_class() on null in /var/www/vhosts/myshibuya.it/ordina.myshibuya.it/wp-content/plugins/woocommerce/includes/class-wc-cart-totals.php:225
Stack trace:
#0 /var/www/vhosts/myshibuya.it/ordina.myshibuya.it/wp-content/plugins/woocommerce/includes/class-wc-cart-totals.php(651): WC_Cart_Totals->get_items_from_cart()
#1 /var/www/vhosts/myshibuya.it/ordina.myshibuya.it/wp-content/plugins/woocommerce/includes/class-wc-cart-totals.php(143): WC_Cart_Totals->calculate_item_totals()
#2 /var/www/vhosts/myshibuya.it/ordina.myshibuya.it/wp-content/plugins/woocommerce/includes/class-wc-cart-totals.php(134): WC_Cart_Totals->calculate()
#3 /var/www/vhosts/myshibuya.it/ordina.myshibuya.it/wp-content/plugins/woocommerce/includes/class-wc-cart.php(1369): WC_Cart_Totals->__construct(Object(WC_Cart))
#4 /var/www/vhosts/myshibuya.it/ordina.myshibuya.it/wp-content/plugins/woocommerce/includes/class-wc-cart.php(1328): WC_Cart->calculate_totals()
#5 /var/www/vhosts/myshibuya.it/ordina.mys in /var/www/vhosts/myshibuya.it/ordina.myshibuya.it/wp-content/plugins/woocommerce/includes/class-wc-cart-totals.php alla riga 225

2020-12-09T17:05:31+00:00 CRITICAL Uncaught Error: Call to a member function get_tax_class() on null in /var/www/vhosts/myshibuya.it/ordina.myshibuya.it/wp-content/plugins/woocommerce/includes/class-wc-cart-totals.php:225
Stack trace:
#0 /var/www/vhosts/myshibuya.it/ordina.myshibuya.it/wp-content/plugins/woocommerce/includes/class-wc-cart-totals.php(651): WC_Cart_Totals->get_items_from_cart()
#1 /var/www/vhosts/myshibuya.it/ordina.myshibuya.it/wp-content/plugins/woocommerce/includes/class-wc-cart-totals.php(143): WC_Cart_Totals->calculate_item_totals()
#2 /var/www/vhosts/myshibuya.it/ordina.myshibuya.it/wp-content/plugins/woocommerce/includes/class-wc-cart-totals.php(134): WC_Cart_Totals->calculate()
#3 /var/www/vhosts/myshibuya.it/ordina.myshibuya.it/wp-content/plugins/woocommerce/includes/class-wc-cart.php(1369): WC_Cart_Totals->__construct(Object(WC_Cart))
#4 /var/www/vhosts/myshibuya.it/ordina.myshibuya.it/wp-content/plugins/woocommerce/includes/class-wc-cart.php(1328): WC_Cart->calculate_totals()
#5 /var/www/vhosts/myshibuya.it/ordina.mys in /var/www/vhosts/myshibuya.it/ordina.myshibuya.it/wp-content/plugins/woocommerce/includes/class-wc-cart-totals.php alla riga 225

2020-12-09T17:35:03+00:00 CRITICAL Uncaught Error: Call to a member function get_tax_class() on null in /var/www/vhosts/myshibuya.it/ordina.myshibuya.it/wp-content/plugins/woocommerce/includes/class-wc-cart-totals.php:225
Stack trace:
#0 /var/www/vhosts/myshibuya.it/ordina.myshibuya.it/wp-content/plugins/woocommerce/includes/class-wc-cart-totals.php(651): WC_Cart_Totals->get_items_from_cart()
#1 /var/www/vhosts/myshibuya.it/ordina.myshibuya.it/wp-content/plugins/woocommerce/includes/class-wc-cart-totals.php(143): WC_Cart_Totals->calculate_item_totals()
#2 /var/www/vhosts/myshibuya.it/ordina.myshibuya.it/wp-content/plugins/woocommerce/includes/class-wc-cart-totals.php(134): WC_Cart_Totals->calculate()
#3 /var/www/vhosts/myshibuya.it/ordina.myshibuya.it/wp-content/plugins/woocommerce/includes/class-wc-cart.php(1369): WC_Cart_Totals->__construct(Object(WC_Cart))
#4 /var/www/vhosts/myshibuya.it/ordina.myshibuya.it/wp-content/plugins/woocommerce/includes/class-wc-cart.php(1328): WC_Cart->calculate_totals()
#5 /var/www/vhosts/myshibuya.it/ordina.mys in /var/www/vhosts/myshibuya.it/ordina.myshibuya.it/wp-content/plugins/woocommerce/includes/class-wc-cart-totals.php alla riga 225

2020-12-09T17:40:05+00:00 CRITICAL Uncaught Twilio\Exceptions\RestException: [HTTP 400] Unable to create record: The 'To' number +393926653576 is not a valid phone number. in /var/www/vhosts/myshibuya.it/ordina.myshibuya.it/wp-content/themes/shibuya/twilio-php-main/src/Twilio/Version.php:88
Stack trace:
#0 /var/www/vhosts/myshibuya.it/ordina.myshibuya.it/wp-content/themes/shibuya/twilio-php-main/src/Twilio/Version.php(223): Twilio\Version->exception(Object(Twilio\Http\Response), 'Unable to creat...')
#1 /var/www/vhosts/myshibuya.it/ordina.myshibuya.it/wp-content/themes/shibuya/twilio-php-main/src/Twilio/Rest/Api/V2010/Account/MessageList.php(66): Twilio\Version->create('POST', '/Accounts/AC1ed...', Array, Array)
#2 /var/www/vhosts/myshibuya.it/ordina.myshibuya.it/wp-content/themes/shibuya/functions.php(435): Twilio\Rest\Api\V2010\Account\MessageList->create('+39 3926653576', Object(Twilio\Values))
#3 /var/www/vhosts/myshibuya.it/ordina.myshibuya.it/wp-includes/class-wp-hook.php(287): send_otp('')
#4 /var/www/vhosts/myshibuya.it/ordina.myshibuy in /var/www/vhosts/myshibuya.it/ordina.myshibuya.it/wp-content/themes/shibuya/twilio-php-main/src/Twilio/Version.php alla riga 88

2020-12-09T18:18:50+00:00 CRITICAL Uncaught Error: Call to a member function get_tax_class() on null in /var/www/vhosts/myshibuya.it/ordina.myshibuya.it/wp-content/plugins/woocommerce/includes/class-wc-cart-totals.php:225
Stack trace:
#0 /var/www/vhosts/myshibuya.it/ordina.myshibuya.it/wp-content/plugins/woocommerce/includes/class-wc-cart-totals.php(651): WC_Cart_Totals->get_items_from_cart()
#1 /var/www/vhosts/myshibuya.it/ordina.myshibuya.it/wp-content/plugins/woocommerce/includes/class-wc-cart-totals.php(143): WC_Cart_Totals->calculate_item_totals()
#2 /var/www/vhosts/myshibuya.it/ordina.myshibuya.it/wp-content/plugins/woocommerce/includes/class-wc-cart-totals.php(134): WC_Cart_Totals->calculate()
#3 /var/www/vhosts/myshibuya.it/ordina.myshibuya.it/wp-content/plugins/woocommerce/includes/class-wc-cart.php(1369): WC_Cart_Totals->__construct(Object(WC_Cart))
#4 /var/www/vhosts/myshibuya.it/ordina.myshibuya.it/wp-content/plugins/woocommerce/includes/class-wc-cart.php(1328): WC_Cart->calculate_totals()
#5 /var/www/vhosts/myshibuya.it/ordina.mys in /var/www/vhosts/myshibuya.it/ordina.myshibuya.it/wp-content/plugins/woocommerce/includes/class-wc-cart-totals.php alla riga 225

2020-12-09T18:19:13+00:00 CRITICAL Uncaught Error: Call to a member function get_tax_class() on null in /var/www/vhosts/myshibuya.it/ordina.myshibuya.it/wp-content/plugins/woocommerce/includes/class-wc-cart-totals.php:225
Stack trace:
#0 /var/www/vhosts/myshibuya.it/ordina.myshibuya.it/wp-content/plugins/woocommerce/includes/class-wc-cart-totals.php(651): WC_Cart_Totals->get_items_from_cart()
#1 /var/www/vhosts/myshibuya.it/ordina.myshibuya.it/wp-content/plugins/woocommerce/includes/class-wc-cart-totals.php(143): WC_Cart_Totals->calculate_item_totals()
#2 /var/www/vhosts/myshibuya.it/ordina.myshibuya.it/wp-content/plugins/woocommerce/includes/class-wc-cart-totals.php(134): WC_Cart_Totals->calculate()
#3 /var/www/vhosts/myshibuya.it/ordina.myshibuya.it/wp-content/plugins/woocommerce/includes/class-wc-cart.php(1369): WC_Cart_Totals->__construct(Object(WC_Cart))
#4 /var/www/vhosts/myshibuya.it/ordina.myshibuya.it/wp-content/plugins/woocommerce/includes/class-wc-cart.php(1328): WC_Cart->calculate_totals()
#5 /var/www/vhosts/myshibuya.it/ordina.mys in /var/www/vhosts/myshibuya.it/ordina.myshibuya.it/wp-content/plugins/woocommerce/includes/class-wc-cart-totals.php alla riga 225

2020-12-09T18:19:46+00:00 CRITICAL Uncaught Error: Call to a member function get_tax_class() on null in /var/www/vhosts/myshibuya.it/ordina.myshibuya.it/wp-content/plugins/woocommerce/includes/class-wc-cart-totals.php:225
Stack trace:
#0 /var/www/vhosts/myshibuya.it/ordina.myshibuya.it/wp-content/plugins/woocommerce/includes/class-wc-cart-totals.php(651): WC_Cart_Totals->get_items_from_cart()
#1 /var/www/vhosts/myshibuya.it/ordina.myshibuya.it/wp-content/plugins/woocommerce/includes/class-wc-cart-totals.php(143): WC_Cart_Totals->calculate_item_totals()
#2 /var/www/vhosts/myshibuya.it/ordina.myshibuya.it/wp-content/plugins/woocommerce/includes/class-wc-cart-totals.php(134): WC_Cart_Totals->calculate()
#3 /var/www/vhosts/myshibuya.it/ordina.myshibuya.it/wp-content/plugins/woocommerce/includes/class-wc-cart.php(1369): WC_Cart_Totals->__construct(Object(WC_Cart))
#4 /var/www/vhosts/myshibuya.it/ordina.myshibuya.it/wp-content/plugins/woocommerce/includes/class-wc-cart.php(1328): WC_Cart->calculate_totals()
#5 /var/www/vhosts/myshibuya.it/ordina.mys in /var/www/vhosts/myshibuya.it/ordina.myshibuya.it/wp-content/plugins/woocommerce/includes/class-wc-cart-totals.php alla riga 225

2020-12-09T22:16:16+00:00 CRITICAL Uncaught Twilio\Exceptions\RestException: [HTTP 400] Unable to create record: Permission to send an SMS has not been enabled for the region indicated by the 'To' number: 3407187822. in /var/www/vhosts/myshibuya.it/ordina.myshibuya.it/wp-content/themes/shibuya/twilio-php-main/src/Twilio/Version.php:88
Stack trace:
#0 /var/www/vhosts/myshibuya.it/ordina.myshibuya.it/wp-content/themes/shibuya/twilio-php-main/src/Twilio/Version.php(223): Twilio\Version->exception(Object(Twilio\Http\Response), 'Unable to creat...')
#1 /var/www/vhosts/myshibuya.it/ordina.myshibuya.it/wp-content/themes/shibuya/twilio-php-main/src/Twilio/Rest/Api/V2010/Account/MessageList.php(66): Twilio\Version->create('POST', '/Accounts/AC1ed...', Array, Array)
#2 /var/www/vhosts/myshibuya.it/ordina.myshibuya.it/wp-content/themes/shibuya/functions.php(444): Twilio\Rest\Api\V2010\Account\MessageList->create('3407187822', Object(Twilio\Values))
#3 /var/www/vhosts/myshibuya.it/ordina.myshibuya.it/wp-includes/class-wp-hook.php(287): send_otp('')
#4 /va in /var/www/vhosts/myshibuya.it/ordina.myshibuya.it/wp-content/themes/shibuya/twilio-php-main/src/Twilio/Version.php alla riga 88

